[2025-09-11 12:12:45,385: INFO: common]: yaml file: config/config.yaml loaded successfully
[2025-09-11 12:12:45,388: INFO: common]: yaml file: params.yaml loaded successfully
[2025-09-11 12:12:45,389: INFO: common]: created directory at: artifacts
[2025-09-11 12:12:45,390: INFO: common]: created directory at: artifacts/data_ingestion
[2025-09-11 12:24:31,194: INFO: common]: yaml file: config/config.yaml loaded successfully
[2025-09-11 12:24:31,198: INFO: common]: yaml file: params.yaml loaded successfully
[2025-09-11 12:24:31,200: INFO: common]: created directory at: artifacts
[2025-09-11 12:24:31,200: INFO: common]: created directory at: artifacts/data_ingestion
[2025-09-11 12:24:34,697: INFO: 283463372]: Downloaded file from https://github.com/krishnaik06/datasets/raw/refs/heads/main/summarizer-data.zip to artifacts/data_ingestion/data.zip.
[2025-09-11 12:25:56,861: INFO: common]: yaml file: config/config.yaml loaded successfully
[2025-09-11 12:25:56,863: INFO: common]: yaml file: params.yaml loaded successfully
[2025-09-11 12:25:56,864: INFO: common]: created directory at: artifacts
[2025-09-11 12:25:56,864: INFO: common]: created directory at: artifacts/data_ingestion
[2025-09-11 12:51:03,515: INFO: main]: stage Data Ingestion stage initiated
[2025-09-11 12:51:03,516: INFO: common]: yaml file: config/config.yaml loaded successfully
[2025-09-11 12:51:03,516: INFO: common]: yaml file: params.yaml loaded successfully
[2025-09-11 12:51:03,517: INFO: common]: created directory at: artifacts
[2025-09-11 12:51:03,517: INFO: common]: created directory at: artifacts/data_ingestion
[2025-09-11 12:51:03,517: ERROR: main]: DataIngestionConfig.__init__() missing 1 required positional argument: 'source_URL'
Traceback (most recent call last):
  File "/Users/beniaminenahid/Desktop/Contextual_Summarizer_using_Hugging_Face/main.py", line 10, in <module>
    data_ingestion_pipeline.initiate_data_ingestion()
  File "/Users/beniaminenahid/Desktop/Contextual_Summarizer_using_Hugging_Face/src/Contextual_Summarizer/pipeline/data_ingestion_pipeline.py", line 11, in initiate_data_ingestion
    data_ingestion_config=config.get_data_ingestion_config()
  File "/Users/beniaminenahid/Desktop/Contextual_Summarizer_using_Hugging_Face/src/Contextual_Summarizer/config/configuration.py", line 18, in get_data_ingestion_config
    data_ingestion_config = DataIngestionConfig(
TypeError: DataIngestionConfig.__init__() missing 1 required positional argument: 'source_URL'
[2025-09-11 12:53:56,623: INFO: main]: stage Data Ingestion stage initiated
[2025-09-11 12:53:56,623: INFO: common]: yaml file: config/config.yaml loaded successfully
[2025-09-11 12:53:56,624: INFO: common]: yaml file: params.yaml loaded successfully
[2025-09-11 12:53:56,624: INFO: common]: created directory at: artifacts
[2025-09-11 12:53:56,624: INFO: common]: created directory at: artifacts/data_ingestion
[2025-09-11 12:53:59,544: INFO: data_ingestion]: Downloaded file from https://github.com/krishnaik06/datasets/raw/refs/heads/main/summarizer-data.zip to artifacts/data_ingestion/data.zip.
[2025-09-11 12:53:59,662: INFO: main]: Stage Data Ingestion stage Completed
[2025-09-11 15:39:22,695: INFO: common]: yaml file: config/config.yaml loaded successfully
[2025-09-11 15:39:22,699: INFO: common]: yaml file: params.yaml loaded successfully
[2025-09-11 15:39:22,699: INFO: common]: created directory at: artifacts
[2025-09-11 15:41:27,354: INFO: common]: yaml file: config/config.yaml loaded successfully
[2025-09-11 15:41:27,358: INFO: common]: yaml file: params.yaml loaded successfully
[2025-09-11 15:41:27,361: INFO: common]: created directory at: artifacts
[2025-09-11 15:43:44,610: INFO: common]: yaml file: config/config.yaml loaded successfully
[2025-09-11 15:43:44,612: INFO: common]: yaml file: params.yaml loaded successfully
[2025-09-11 15:43:44,612: INFO: common]: created directory at: artifacts
[2025-09-11 15:43:44,613: INFO: common]: created directory at: artifacts/data_transformation
[2025-09-11 16:04:54,945: INFO: main]: stage Data Ingestion stage initiated
[2025-09-11 16:04:54,946: INFO: common]: yaml file: config/config.yaml loaded successfully
[2025-09-11 16:04:54,947: INFO: common]: yaml file: params.yaml loaded successfully
[2025-09-11 16:04:54,947: INFO: common]: created directory at: artifacts
[2025-09-11 16:04:54,947: INFO: common]: created directory at: artifacts/data_ingestion
[2025-09-11 16:04:54,947: INFO: data_ingestion]: Data file already exists at artifacts/data_ingestion/data.zip. Skipping download.
[2025-09-11 16:04:55,093: INFO: main]: Stage Data Ingestion stage Completed
[2025-09-11 16:04:55,093: INFO: main]: stage Data Transformation stage initiated
[2025-09-11 16:04:55,094: INFO: common]: yaml file: config/config.yaml loaded successfully
[2025-09-11 16:04:55,095: INFO: common]: yaml file: params.yaml loaded successfully
[2025-09-11 16:04:55,095: INFO: common]: created directory at: artifacts
[2025-09-11 16:04:55,095: INFO: common]: created directory at: artifacts/data_transformation
[2025-09-11 16:04:59,241: INFO: main]: Stage Data Transformation stage Completed
[2025-09-11 17:28:51,058: INFO: main]: stage Data Ingestion stage initiated
[2025-09-11 17:28:51,059: INFO: common]: yaml file: config/config.yaml loaded successfully
[2025-09-11 17:28:51,059: INFO: common]: yaml file: params.yaml loaded successfully
[2025-09-11 17:28:51,059: INFO: common]: created directory at: artifacts
[2025-09-11 17:28:51,059: INFO: common]: created directory at: artifacts/data_ingestion
[2025-09-11 17:28:54,924: INFO: data_ingestion]: Downloaded file from https://github.com/krishnaik06/datasets/raw/refs/heads/main/summarizer-data.zip to artifacts/data_ingestion/data.zip.
[2025-09-11 17:28:55,039: INFO: main]: Stage Data Ingestion stage Completed
[2025-09-11 17:28:55,039: INFO: main]: stage Data Transformation stage initiated
[2025-09-11 17:28:55,040: INFO: common]: yaml file: config/config.yaml loaded successfully
[2025-09-11 17:28:55,040: INFO: common]: yaml file: params.yaml loaded successfully
[2025-09-11 17:28:55,040: INFO: common]: created directory at: artifacts
[2025-09-11 17:28:55,040: INFO: common]: created directory at: artifacts/data_transformation
[2025-09-11 17:28:58,488: INFO: main]: Stage Data Transformation stage Completed
[2025-09-11 18:08:53,926: INFO: main]: *******************
[2025-09-11 18:08:53,926: INFO: main]: >>>>>> stage Model Evaluation stage started <<<<<<
[2025-09-11 18:08:53,928: INFO: common]: yaml file: config/config.yaml loaded successfully
[2025-09-11 18:08:53,928: INFO: common]: yaml file: params.yaml loaded successfully
[2025-09-11 18:08:53,928: INFO: common]: created directory at: artifacts
[2025-09-11 18:08:53,929: INFO: common]: created directory at: artifacts/model_evaluation
[2025-09-11 18:17:34,945: INFO: main]: *******************
[2025-09-11 18:17:34,945: INFO: main]: >>>>>> stage Model Evaluation stage started <<<<<<
[2025-09-11 18:17:34,946: INFO: common]: yaml file: config/config.yaml loaded successfully
[2025-09-11 18:17:34,947: INFO: common]: yaml file: params.yaml loaded successfully
[2025-09-11 18:17:34,947: INFO: common]: created directory at: artifacts
[2025-09-11 18:17:34,947: INFO: common]: created directory at: artifacts/model_evaluation
[2025-09-11 18:21:35,215: INFO: main]: *******************
[2025-09-11 18:21:35,215: INFO: main]: >>>>>> stage Model Evaluation stage started <<<<<<
[2025-09-11 18:21:35,216: INFO: common]: yaml file: config/config.yaml loaded successfully
[2025-09-11 18:21:35,218: INFO: common]: yaml file: params.yaml loaded successfully
[2025-09-11 18:21:35,218: INFO: common]: created directory at: artifacts
[2025-09-11 18:21:35,219: INFO: common]: created directory at: artifacts/model_evaluation
[2025-09-11 18:27:28,586: INFO: main]: *******************
[2025-09-11 18:27:28,589: INFO: main]: >>>>>> stage Model Evaluation stage started <<<<<<
[2025-09-11 18:27:28,591: INFO: common]: yaml file: config/config.yaml loaded successfully
[2025-09-11 18:27:28,592: INFO: common]: yaml file: params.yaml loaded successfully
[2025-09-11 18:27:28,592: INFO: common]: created directory at: artifacts
[2025-09-11 18:27:28,592: INFO: common]: created directory at: artifacts/model_evaluation
[2025-09-11 18:31:11,700: INFO: test_evaluation]: >>>>>> Model Evaluation Test started <<<<<<
[2025-09-11 18:31:11,702: INFO: common]: yaml file: config/config.yaml loaded successfully
[2025-09-11 18:31:11,703: INFO: common]: yaml file: params.yaml loaded successfully
[2025-09-11 18:31:11,703: INFO: common]: created directory at: artifacts
[2025-09-11 18:31:11,703: INFO: common]: created directory at: artifacts/model_evaluation
[2025-09-11 18:42:40,285: INFO: common]: yaml file: config/config.yaml loaded successfully
[2025-09-11 18:42:40,291: INFO: common]: yaml file: params.yaml loaded successfully
[2025-09-11 18:42:40,292: INFO: common]: created directory at: artifacts
[2025-09-11 18:42:40,293: INFO: common]: created directory at: artifacts/model_evaluation
